

Started GET "/assets/rails.png" for 127.0.0.1 at 2013-01-18 11:32:22 -0700
Connecting to database specified by database.yml
Served asset /rails.png - 200 OK (6ms)


Started GET "/api/data" for 127.0.0.1 at 2013-01-18 11:32:50 -0700

ActionController::RoutingError (No route matches [GET] "/api/data"):
  actionpack (3.2.11) lib/action_dispatch/middleware/debug_exceptions.rb:21:in `call'
  actionpack (3.2.11) lib/action_dispatch/middleware/show_exceptions.rb:56:in `call'
  railties (3.2.11) lib/rails/rack/logger.rb:32:in `call_app'
  railties (3.2.11) lib/rails/rack/logger.rb:16:in `block in call'
  activesupport (3.2.11) lib/active_support/tagged_logging.rb:22:in `tagged'
  railties (3.2.11) lib/rails/rack/logger.rb:16:in `call'
  actionpack (3.2.11) lib/action_dispatch/middleware/request_id.rb:22:in `call'
  rack (1.4.4) lib/rack/methodoverride.rb:21:in `call'
  rack (1.4.4) lib/rack/runtime.rb:17:in `call'
  activesupport (3.2.11) lib/active_support/cache/strategy/local_cache.rb:72:in `call'
  rack (1.4.4) lib/rack/lock.rb:15:in `call'
  actionpack (3.2.11) lib/action_dispatch/middleware/static.rb:62:in `call'
  railties (3.2.11) lib/rails/engine.rb:479:in `call'
  railties (3.2.11) lib/rails/application.rb:223:in `call'
  rack (1.4.4) lib/rack/content_length.rb:14:in `call'
  railties (3.2.11) lib/rails/rack/log_tailer.rb:17:in `call'
  rack (1.4.4) lib/rack/handler/webrick.rb:59:in `service'
  /home/chris/.rvm/rubies/ruby-1.9.3-p362/lib/ruby/1.9.1/webrick/httpserver.rb:138:in `service'
  /home/chris/.rvm/rubies/ruby-1.9.3-p362/lib/ruby/1.9.1/webrick/httpserver.rb:94:in `run'
  /home/chris/.rvm/rubies/ruby-1.9.3-p362/lib/ruby/1.9.1/webrick/server.rb:191:in `block in start_thread'


  Rendered /home/chris/.rvm/gems/ruby-1.9.3-p362/gems/actionpack-3.2.11/lib/action_dispatch/middleware/templates/rescues/routing_error.erb within rescues/layout (3.2ms)


Started GET "/data" for 127.0.0.1 at 2013-01-18 11:32:58 -0700

ActionController::RoutingError (No route matches [GET] "/data"):
  actionpack (3.2.11) lib/action_dispatch/middleware/debug_exceptions.rb:21:in `call'
  actionpack (3.2.11) lib/action_dispatch/middleware/show_exceptions.rb:56:in `call'
  railties (3.2.11) lib/rails/rack/logger.rb:32:in `call_app'
  railties (3.2.11) lib/rails/rack/logger.rb:16:in `block in call'
  activesupport (3.2.11) lib/active_support/tagged_logging.rb:22:in `tagged'
  railties (3.2.11) lib/rails/rack/logger.rb:16:in `call'
  actionpack (3.2.11) lib/action_dispatch/middleware/request_id.rb:22:in `call'
  rack (1.4.4) lib/rack/methodoverride.rb:21:in `call'
  rack (1.4.4) lib/rack/runtime.rb:17:in `call'
  activesupport (3.2.11) lib/active_support/cache/strategy/local_cache.rb:72:in `call'
  rack (1.4.4) lib/rack/lock.rb:15:in `call'
  actionpack (3.2.11) lib/action_dispatch/middleware/static.rb:62:in `call'
  railties (3.2.11) lib/rails/engine.rb:479:in `call'
  railties (3.2.11) lib/rails/application.rb:223:in `call'
  rack (1.4.4) lib/rack/content_length.rb:14:in `call'
  railties (3.2.11) lib/rails/rack/log_tailer.rb:17:in `call'
  rack (1.4.4) lib/rack/handler/webrick.rb:59:in `service'
  /home/chris/.rvm/rubies/ruby-1.9.3-p362/lib/ruby/1.9.1/webrick/httpserver.rb:138:in `service'
  /home/chris/.rvm/rubies/ruby-1.9.3-p362/lib/ruby/1.9.1/webrick/httpserver.rb:94:in `run'
  /home/chris/.rvm/rubies/ruby-1.9.3-p362/lib/ruby/1.9.1/webrick/server.rb:191:in `block in start_thread'


  Rendered /home/chris/.rvm/gems/ruby-1.9.3-p362/gems/actionpack-3.2.11/lib/action_dispatch/middleware/templates/rescues/routing_error.erb within rescues/layout (0.5ms)


Started GET "/assets/rails.png" for 127.0.0.1 at 2013-01-18 11:34:48 -0700
Connecting to database specified by database.yml
Served asset /rails.png - 304 Not Modified (1ms)


Started GET "/api/data" for 127.0.0.1 at 2013-01-18 11:34:51 -0700
Processing by ApiController#data as HTML
Completed 200 OK in 0ms (Views: 0.1ms | ActiveRecord: 0.0ms)
